{"numTotalTestSuites":2,"numPassedTestSuites":2,"numFailedTestSuites":0,"numPendingTestSuites":0,"numTotalTests":7,"numPassedTests":7,"numFailedTests":0,"numPendingTests":0,"numTodoTests":0,"snapshot":{"added":0,"failure":false,"filesAdded":0,"filesRemoved":0,"filesRemovedList":[],"filesUnmatched":0,"filesUpdated":0,"matched":0,"total":0,"unchecked":0,"uncheckedKeysByFile":[],"unmatched":0,"updated":0,"didUpdate":false},"startTime":1785693557635,"success":true,"testResults":[{"assertionResults":[{"ancestorTitles":["App integration"],"fullName":"App integration resets country, language and tag filters to all","status":"passed","title":"resets country, language and tag filters to all","duration":247.00160000000005,"failureMessages":[],"meta":{},"tags":[]},{"ancestorTitles":["App integration"],"fullName":"App integration imports favorites from json and exports them with success toast","status":"passed","title":"imports favorites from json and exports them with success toast","duration":87.3125,"failureMessages":[],"meta":{},"tags":[]},{"ancestorTitles":["App integration"],"fullName":"App integration marks station offline on audio error and restores it manually","status":"passed","title":"marks station offline on audio error and restores it manually","duration":93.50620000000004,"failureMessages":[],"meta":{},"tags":[]},{"ancestorTitles":["App integration"],"fullName":"App integration automatically switches to an alternative station on stream error (fallback)","status":"passed","title":"automatically switches to an alternative station on stream error (fallback)","duration":78.55609999999979,"failureMessages":[],"meta":{},"tags":[]},{"ancestorTitles":["App integration"],"fullName":"App integration shows exhausted fallback message when only one station is available","status":"passed","title":"shows exhausted fallback message when only one station is available","duration":30.734399999999823,"failureMessages":[],"meta":{},"tags":[]},{"ancestorTitles":["App integration"],"fullName":"App integration recenters the map only when switching to a different station","status":"passed","title":"recenters the map only when switching to a different station","duration":93.92520000000013,"failureMessages":[],"meta":{},"tags":[]},{"ancestorTitles":["App integration"],"fullName":"App integration shows a toast and keeps the map in place when the selected station has no coordinates","status":"passed","title":"shows a toast and keeps the map in place when the selected station has no coordinates","duration":92.00749999999971,"failureMessages":[],"meta":{},"tags":[]}],"startTime":1785693559370,"endTime":1785693560093.0076,"status":"passed","message":"","name":"C:/Users/Marco/Desktop/Radio App/src/App.integration.test.tsx"}]}